<?xml version="1.0" encoding="UTF-8" ?>
<testsuite tests="8" failures="0" name="com.example.LionTest" time="0.012" errors="0" skipped="0">
  <properties>
[...]
</properties>
  <testcase classname="com.example.LionTest" name="getFood[0]" time="0.002"/>
  <testcase classname="com.example.LionTest" name="getKittens[0]" time="0.004"/>
  <testcase classname="com.example.LionTest" name="constructorWrongLionSexReturnsException[0]" time="0"/>
  <testcase classname="com.example.LionTest" name="doesHaveManeForCorrectValueShowTrueOrFalse[0]" time="0"/>
  <testcase classname="com.example.LionTest" name="getFood[1]" time="0"/>
  <testcase classname="com.example.LionTest" name="getKittens[1]" time="0.004"/>
  <testcase classname="com.example.LionTest" name="constructorWrongLionSexReturnsException[1]" time="0.001"/>
  <testcase classname="com.example.LionTest" name="doesHaveManeForCorrectValueShowTrueOrFalse[1]" time="0.001"/>
</testsuite>